# JRE version: OpenJDK Runtime Environment (11.0.8+10) (build 11.0.8+10-b944.6842174)
# Java VM: OpenJDK 64-Bit Server VM (11.0.8+10-b944.6842174, mixed mode, tiered, compressed oops, g1 gc, windows-amd64)
Heap:
 garbage-first heap   total 557056K, used 178044K [0x0000000080000000, 0x0000000100000000)
  region size 1024K, 4 young (4096K), 4 survivors (4096K)
 Metaspace       used 85011K, capacity 87237K, committed 87628K, reserved 1124352K
  class space    used 11156K, capacity 11980K, committed 12160K, reserved 1048576K
GC Heap History (20 events):
Event: 12.474 GC heap after
{Heap after GC invocations=22 (full 0):
 garbage-first heap   total 240640K, used 155437K [0x0000000080000000, 0x0000000100000000)
  region size 1024K, 3 young (3072K), 3 survivors (3072K)
 Metaspace       used 84283K, capacity 86404K, committed 86988K, reserved 1124352K
  class space    used 11080K, capacity 11850K, committed 12032K, reserved 1048576K
}
Event: 12.713 GC heap before
{Heap before GC invocations=22 (full 0):
 garbage-first heap   total 240640K, used 196397K [0x0000000080000000, 0x0000000100000000)
  region size 1024K, 39 young (39936K), 3 survivors (3072K)
 Metaspace       used 84363K, capacity 86497K, committed 87372K, reserved 1124352K
  class space    used 11076K, capacity 11855K, committed 12160K, reserved 1048576K
}
Event: 12.720 GC heap after
{Heap after GC invocations=23 (full 0):
 garbage-first heap   total 288768K, used 164495K [0x0000000080000000, 0x0000000100000000)
  region size 1024K, 5 young (5120K), 5 survivors (5120K)
 Metaspace       used 84363K, capacity 86497K, committed 87372K, reserved 1124352K
  class space    used 11076K, capacity 11855K, committed 12160K, reserved 1048576K
}
Event: 12.814 GC heap before
{Heap before GC invocations=24 (full 0):
 garbage-first heap   total 288768K, used 179855K [0x0000000080000000, 0x0000000100000000)
  region size 1024K, 20 young (20480K), 5 survivors (5120K)
 Metaspace       used 84417K, capacity 86565K, committed 87372K, reserved 1124352K
  class space    used 11077K, capacity 11856K, committed 12160K, reserved 1048576K
}
Event: 12.821 GC heap after
{Heap after GC invocations=25 (full 0):
 garbage-first heap   total 288768K, used 168406K [0x0000000080000000, 0x0000000100000000)
  region size 1024K, 7 young (7168K), 7 survivors (7168K)
 Metaspace       used 84417K, capacity 86565K, committed 87372K, reserved 1124352K
  class space    used 11077K, capacity 11856K, committed 12160K, reserved 1048576K
}
Event: 13.283 GC heap before
{Heap before GC invocations=26 (full 0):
 garbage-first heap   total 288768K, used 218582K [0x0000000080000000, 0x0000000100000000)
  region size 1024K, 49 young (50176K), 7 survivors (7168K)
 Metaspace       used 84759K, capacity 86935K, committed 87628K, reserved 1124352K
  class space    used 11113K, capacity 11903K, committed 12160K, reserved 1048576K
}
Event: 13.286 GC heap after
{Heap after GC invocations=27 (full 0):
 garbage-first heap   total 288768K, used 163452K [0x0000000080000000, 0x0000000100000000)
  region size 1024K, 1 young (1024K), 1 survivors (1024K)
 Metaspace       used 84759K, capacity 86935K, committed 87628K, reserved 1124352K
  class space    used 11113K, capacity 11903K, committed 12160K, reserved 1048576K
}
Event: 13.397 GC heap before
{Heap before GC invocations=27 (full 0):
 garbage-first heap   total 288768K, used 197244K [0x0000000080000000, 0x0000000100000000)
  region size 1024K, 14 young (14336K), 1 survivors (1024K)
 Metaspace       used 84928K, capacity 87173K, committed 87628K, reserved 1124352K
  class space    used 11137K, capacity 11953K, committed 12160K, reserved 1048576K
}
Event: 13.401 GC heap after
{Heap after GC invocations=28 (full 0):
 garbage-first heap   total 288768K, used 181311K [0x0000000080000000, 0x0000000100000000)
  region size 1024K, 2 young (2048K), 2 survivors (2048K)
 Metaspace       used 84928K, capacity 87173K, committed 87628K, reserved 1124352K
  class space    used 11137K, capacity 11953K, committed 12160K, reserved 1048576K
}
Event: 13.412 GC heap before
{Heap before GC invocations=28 (full 0):
 garbage-first heap   total 288768K, used 184383K [0x0000000080000000, 0x0000000100000000)
  region size 1024K, 6 young (6144K), 2 survivors (2048K)
 Metaspace       used 84928K, capacity 87173K, committed 87628K, reserved 1124352K
  class space    used 11137K, capacity 11953K, committed 12160K, reserved 1048576K
}
Event: 13.416 GC heap after
{Heap after GC invocations=29 (full 0):
 garbage-first heap   total 288768K, used 183227K [0x0000000080000000, 0x0000000100000000)
  region size 1024K, 4 young (4096K), 4 survivors (4096K)
 Metaspace       used 84928K, capacity 87173K, committed 87628K, reserved 1124352K
  class space    used 11137K, capacity 11953K, committed 12160K, reserved 1048576K
}
Event: 13.556 GC heap before
{Heap before GC invocations=29 (full 0):
 garbage-first heap   total 288768K, used 215995K [0x0000000080000000, 0x0000000100000000)
  region size 1024K, 36 young (36864K), 4 survivors (4096K)
 Metaspace       used 84931K, capacity 87173K, committed 87628K, reserved 1124352K
  class space    used 11138K, capacity 11953K, committed 12160K, reserved 1048576K
}
Event: 13.575 GC heap after
{Heap after GC invocations=30 (full 0):
 garbage-first heap   total 288768K, used 198253K [0x0000000080000000, 0x0000000100000000)
  region size 1024K, 5 young (5120K), 5 survivors (5120K)
 Metaspace       used 84931K, capacity 87173K, committed 87628K, reserved 1124352K
  class space    used 11138K, capacity 11953K, committed 12160K, reserved 1048576K
}
Event: 13.808 GC heap before
{Heap before GC invocations=31 (full 0):
 garbage-first heap   total 288768K, used 203373K [0x0000000080000000, 0x0000000100000000)
  region size 1024K, 31 young (31744K), 5 survivors (5120K)
 Metaspace       used 84935K, capacity 87173K, committed 87628K, reserved 1124352K
  class space    used 11138K, capacity 11953K, committed 12160K, reserved 1048576K
}
Event: 13.830 GC heap after
{Heap after GC invocations=32 (full 0):
 garbage-first heap   total 288768K, used 194139K [0x0000000080000000, 0x0000000100000000)
  region size 1024K, 4 young (4096K), 4 survivors (4096K)
 Metaspace       used 84935K, capacity 87173K, committed 87628K, reserved 1124352K
  class space    used 11138K, capacity 11953K, committed 12160K, reserved 1048576K
}
Event: 13.902 GC heap before
{Heap before GC invocations=32 (full 0):
 garbage-first heap   total 288768K, used 204379K [0x0000000080000000, 0x0000000100000000)
  region size 1024K, 14 young (14336K), 4 survivors (4096K)
 Metaspace       used 84935K, capacity 87173K, committed 87628K, reserved 1124352K
  class space    used 11138K, capacity 11953K, committed 12160K, reserved 1048576K
}
Event: 13.916 GC heap after
{Heap after GC invocations=33 (full 0):
 garbage-first heap   total 288768K, used 190427K [0x0000000080000000, 0x0000000100000000)
  region size 1024K, 2 young (2048K), 2 survivors (2048K)
 Metaspace       used 84935K, capacity 87173K, committed 87628K, reserved 1124352K
  class space    used 11138K, capacity 11953K, committed 12160K, reserved 1048576K
}
Event: 14.073 GC heap before
{Heap before GC invocations=33 (full 0):
 garbage-first heap   total 288768K, used 219099K [0x0000000080000000, 0x0000000100000000)
  region size 1024K, 30 young (30720K), 2 survivors (2048K)
 Metaspace       used 85004K, capacity 87237K, committed 87628K, reserved 1124352K
  class space    used 11156K, capacity 11980K, committed 12160K, reserved 1048576K
}
Event: 14.087 GC heap after
{Heap after GC invocations=34 (full 0):
 garbage-first heap   total 288768K, used 205184K [0x0000000080000000, 0x0000000100000000)
  region size 1024K, 4 young (4096K), 4 survivors (4096K)
 Metaspace       used 85004K, capacity 87237K, committed 87628K, reserved 1124352K
  class space    used 11156K, capacity 11980K, committed 12160K, reserved 1048576K
}
Event: 14.356 GC heap before
{Heap before GC invocations=35 (full 0):
 garbage-first heap   total 288768K, used 192896K [0x0000000080000000, 0x0000000100000000)
  region size 1024K, 27 young (27648K), 4 survivors (4096K)
 Metaspace       used 85011K, capacity 87237K, committed 87628K, reserved 1124352K
  class space    used 11156K, capacity 11980K, committed 12160K, reserved 1048576K
}

