# JRE version: OpenJDK Runtime Environment (11.0.8+10) (build 11.0.8+10-b944.6842174)
# Java VM: OpenJDK 64-Bit Server VM (11.0.8+10-b944.6842174, mixed mode, tiered, compressed oops, g1 gc, windows-amd64)
Heap:
 garbage-first heap   total 411648K, used 261271K [0x0000000080000000, 0x0000000100000000)
  region size 1024K, 108 young (110592K), 15 survivors (15360K)
 Metaspace       used 104919K, capacity 107533K, committed 107904K, reserved 1142784K
  class space    used 13078K, capacity 14040K, committed 14208K, reserved 1048576K
GC Heap History (20 events):
Event: 26.267 GC heap before
{Heap before GC invocations=38 (full 0):
 garbage-first heap   total 343040K, used 264599K [0x0000000080000000, 0x0000000100000000)
  region size 1024K, 117 young (119808K), 6 survivors (6144K)
 Metaspace       used 104538K, capacity 107161K, committed 107392K, reserved 1142784K
  class space    used 13068K, capacity 14032K, committed 14208K, reserved 1048576K
}
Event: 26.281 GC heap after
{Heap after GC invocations=39 (full 0):
 garbage-first heap   total 343040K, used 154061K [0x0000000080000000, 0x0000000100000000)
  region size 1024K, 9 young (9216K), 9 survivors (9216K)
 Metaspace       used 104538K, capacity 107161K, committed 107392K, reserved 1142784K
  class space    used 13068K, capacity 14032K, committed 14208K, reserved 1048576K
}
Event: 26.528 GC heap before
{Heap before GC invocations=39 (full 0):
 garbage-first heap   total 343040K, used 270797K [0x0000000080000000, 0x0000000100000000)
  region size 1024K, 123 young (125952K), 9 survivors (9216K)
 Metaspace       used 104560K, capacity 107162K, committed 107392K, reserved 1142784K
  class space    used 13068K, capacity 14032K, committed 14208K, reserved 1048576K
}
Event: 26.536 GC heap after
{Heap after GC invocations=40 (full 0):
 garbage-first heap   total 343040K, used 155606K [0x0000000080000000, 0x0000000100000000)
  region size 1024K, 7 young (7168K), 7 survivors (7168K)
 Metaspace       used 104560K, capacity 107162K, committed 107392K, reserved 1142784K
  class space    used 13068K, capacity 14032K, committed 14208K, reserved 1048576K
}
Event: 26.726 GC heap before
{Heap before GC invocations=40 (full 0):
 garbage-first heap   total 343040K, used 276438K [0x0000000080000000, 0x0000000100000000)
  region size 1024K, 125 young (128000K), 7 survivors (7168K)
 Metaspace       used 104647K, capacity 107301K, committed 107648K, reserved 1142784K
  class space    used 13070K, capacity 14035K, committed 14208K, reserved 1048576K
}
Event: 26.733 GC heap after
{Heap after GC invocations=41 (full 0):
 garbage-first heap   total 343040K, used 155750K [0x0000000080000000, 0x0000000100000000)
  region size 1024K, 7 young (7168K), 7 survivors (7168K)
 Metaspace       used 104647K, capacity 107301K, committed 107648K, reserved 1142784K
  class space    used 13070K, capacity 14035K, committed 14208K, reserved 1048576K
}
Event: 26.926 GC heap before
{Heap before GC invocations=41 (full 0):
 garbage-first heap   total 343040K, used 279654K [0x0000000080000000, 0x0000000100000000)
  region size 1024K, 129 young (132096K), 7 survivors (7168K)
 Metaspace       used 104771K, capacity 107447K, committed 107648K, reserved 1142784K
  class space    used 13070K, capacity 14035K, committed 14208K, reserved 1048576K
}
Event: 26.934 GC heap after
{Heap after GC invocations=42 (full 0):
 garbage-first heap   total 343040K, used 156939K [0x0000000080000000, 0x0000000100000000)
  region size 1024K, 9 young (9216K), 9 survivors (9216K)
 Metaspace       used 104771K, capacity 107447K, committed 107648K, reserved 1142784K
  class space    used 13070K, capacity 14035K, committed 14208K, reserved 1048576K
}
Event: 27.243 GC heap before
{Heap before GC invocations=42 (full 0):
 garbage-first heap   total 343040K, used 282891K [0x0000000080000000, 0x0000000100000000)
  region size 1024K, 132 young (135168K), 9 survivors (9216K)
 Metaspace       used 104790K, capacity 107447K, committed 107648K, reserved 1142784K
  class space    used 13070K, capacity 14035K, committed 14208K, reserved 1048576K
}
Event: 27.255 GC heap after
{Heap after GC invocations=43 (full 0):
 garbage-first heap   total 343040K, used 158342K [0x0000000080000000, 0x0000000100000000)
  region size 1024K, 10 young (10240K), 10 survivors (10240K)
 Metaspace       used 104790K, capacity 107447K, committed 107648K, reserved 1142784K
  class space    used 13070K, capacity 14035K, committed 14208K, reserved 1048576K
}
Event: 27.464 GC heap before
{Heap before GC invocations=43 (full 0):
 garbage-first heap   total 343040K, used 286342K [0x0000000080000000, 0x0000000100000000)
  region size 1024K, 135 young (138240K), 10 survivors (10240K)
 Metaspace       used 104804K, capacity 107451K, committed 107648K, reserved 1142784K
  class space    used 13070K, capacity 14035K, committed 14208K, reserved 1048576K
}
Event: 27.473 GC heap after
{Heap after GC invocations=44 (full 0):
 garbage-first heap   total 343040K, used 159008K [0x0000000080000000, 0x0000000100000000)
  region size 1024K, 9 young (9216K), 9 survivors (9216K)
 Metaspace       used 104804K, capacity 107451K, committed 107648K, reserved 1142784K
  class space    used 13070K, capacity 14035K, committed 14208K, reserved 1048576K
}
Event: 27.747 GC heap before
{Heap before GC invocations=44 (full 0):
 garbage-first heap   total 343040K, used 289056K [0x0000000080000000, 0x0000000100000000)
  region size 1024K, 136 young (139264K), 9 survivors (9216K)
 Metaspace       used 104844K, capacity 107464K, committed 107648K, reserved 1142784K
  class space    used 13072K, capacity 14039K, committed 14208K, reserved 1048576K
}
Event: 27.762 GC heap after
{Heap after GC invocations=45 (full 0):
 garbage-first heap   total 411648K, used 161688K [0x0000000080000000, 0x0000000100000000)
  region size 1024K, 11 young (11264K), 11 survivors (11264K)
 Metaspace       used 104844K, capacity 107464K, committed 107648K, reserved 1142784K
  class space    used 13072K, capacity 14039K, committed 14208K, reserved 1048576K
}
Event: 28.202 GC heap before
{Heap before GC invocations=45 (full 0):
 garbage-first heap   total 411648K, used 346008K [0x0000000080000000, 0x0000000100000000)
  region size 1024K, 191 young (195584K), 11 survivors (11264K)
 Metaspace       used 104889K, capacity 107533K, committed 107904K, reserved 1142784K
  class space    used 13073K, capacity 14040K, committed 14208K, reserved 1048576K
}
Event: 28.212 GC heap after
{Heap after GC invocations=46 (full 0):
 garbage-first heap   total 411648K, used 162855K [0x0000000080000000, 0x0000000100000000)
  region size 1024K, 12 young (12288K), 12 survivors (12288K)
 Metaspace       used 104889K, capacity 107533K, committed 107904K, reserved 1142784K
  class space    used 13073K, capacity 14040K, committed 14208K, reserved 1048576K
}
Event: 28.511 GC heap before
{Heap before GC invocations=46 (full 0):
 garbage-first heap   total 411648K, used 349223K [0x0000000080000000, 0x0000000100000000)
  region size 1024K, 194 young (198656K), 12 survivors (12288K)
 Metaspace       used 104911K, capacity 107533K, committed 107904K, reserved 1142784K
  class space    used 13078K, capacity 14040K, committed 14208K, reserved 1048576K
}
Event: 28.524 GC heap after
{Heap after GC invocations=47 (full 0):
 garbage-first heap   total 411648K, used 165220K [0x0000000080000000, 0x0000000100000000)
  region size 1024K, 15 young (15360K), 15 survivors (15360K)
 Metaspace       used 104911K, capacity 107533K, committed 107904K, reserved 1142784K
  class space    used 13078K, capacity 14040K, committed 14208K, reserved 1048576K
}
Event: 28.831 GC heap before
{Heap before GC invocations=47 (full 0):
 garbage-first heap   total 411648K, used 351588K [0x0000000080000000, 0x0000000100000000)
  region size 1024K, 197 young (201728K), 15 survivors (15360K)
 Metaspace       used 104913K, capacity 107533K, committed 107904K, reserved 1142784K
  class space    used 13078K, capacity 14040K, committed 14208K, reserved 1048576K
}
Event: 28.842 GC heap after
{Heap after GC invocations=48 (full 0):
 garbage-first heap   total 411648K, used 167063K [0x0000000080000000, 0x0000000100000000)
  region size 1024K, 15 young (15360K), 15 survivors (15360K)
 Metaspace       used 104913K, capacity 107533K, committed 107904K, reserved 1142784K
  class space    used 13078K, capacity 14040K, committed 14208K, reserved 1048576K
}

