# JRE version: OpenJDK Runtime Environment (11.0.8+10) (build 11.0.8+10-b944.6842174)
# Java VM: OpenJDK 64-Bit Server VM (11.0.8+10-b944.6842174, mixed mode, tiered, compressed oops, g1 gc, windows-amd64)
Heap:
 garbage-first heap   total 465920K, used 252266K [0x0000000080000000, 0x0000000100000000)
  region size 1024K, 14 young (14336K), 3 survivors (3072K)
 Metaspace       used 146527K, capacity 150328K, committed 150648K, reserved 1181696K
  class space    used 17739K, capacity 19059K, committed 19148K, reserved 1048576K
GC Heap History (20 events):
Event: 158.328 GC heap before
{Heap before GC invocations=107 (full 0):
 garbage-first heap   total 465920K, used 405927K [0x0000000080000000, 0x0000000100000000)
  region size 1024K, 147 young (150528K), 12 survivors (12288K)
 Metaspace       used 145497K, capacity 149263K, committed 149496K, reserved 1179648K
  class space    used 17630K, capacity 18926K, committed 19020K, reserved 1048576K
}
Event: 158.337 GC heap after
{Heap after GC invocations=108 (full 0):
 garbage-first heap   total 465920K, used 267170K [0x0000000080000000, 0x0000000100000000)
  region size 1024K, 10 young (10240K), 10 survivors (10240K)
 Metaspace       used 145497K, capacity 149263K, committed 149496K, reserved 1179648K
  class space    used 17630K, capacity 18926K, committed 19020K, reserved 1048576K
}
Event: 158.937 GC heap before
{Heap before GC invocations=108 (full 0):
 garbage-first heap   total 465920K, used 407458K [0x0000000080000000, 0x0000000100000000)
  region size 1024K, 147 young (150528K), 10 survivors (10240K)
 Metaspace       used 145502K, capacity 149263K, committed 149496K, reserved 1179648K
  class space    used 17630K, capacity 18926K, committed 19020K, reserved 1048576K
}
Event: 158.945 GC heap after
{Heap after GC invocations=109 (full 0):
 garbage-first heap   total 465920K, used 268451K [0x0000000080000000, 0x0000000100000000)
  region size 1024K, 11 young (11264K), 11 survivors (11264K)
 Metaspace       used 145502K, capacity 149263K, committed 149496K, reserved 1179648K
  class space    used 17630K, capacity 18926K, committed 19020K, reserved 1048576K
}
Event: 159.398 GC heap before
{Heap before GC invocations=109 (full 0):
 garbage-first heap   total 465920K, used 406691K [0x0000000080000000, 0x0000000100000000)
  region size 1024K, 146 young (149504K), 11 survivors (11264K)
 Metaspace       used 145507K, capacity 149263K, committed 149496K, reserved 1179648K
  class space    used 17630K, capacity 18926K, committed 19020K, reserved 1048576K
}
Event: 159.410 GC heap after
{Heap after GC invocations=110 (full 0):
 garbage-first heap   total 465920K, used 269954K [0x0000000080000000, 0x0000000100000000)
  region size 1024K, 12 young (12288K), 12 survivors (12288K)
 Metaspace       used 145507K, capacity 149263K, committed 149496K, reserved 1179648K
  class space    used 17630K, capacity 18926K, committed 19020K, reserved 1048576K
}
Event: 160.288 GC heap before
{Heap before GC invocations=110 (full 0):
 garbage-first heap   total 465920K, used 406146K [0x0000000080000000, 0x0000000100000000)
  region size 1024K, 144 young (147456K), 12 survivors (12288K)
 Metaspace       used 145535K, capacity 149279K, committed 149496K, reserved 1179648K
  class space    used 17632K, capacity 18931K, committed 19020K, reserved 1048576K
}
Event: 160.299 GC heap after
{Heap after GC invocations=111 (full 0):
 garbage-first heap   total 465920K, used 271314K [0x0000000080000000, 0x0000000100000000)
  region size 1024K, 11 young (11264K), 11 survivors (11264K)
 Metaspace       used 145535K, capacity 149279K, committed 149496K, reserved 1179648K
  class space    used 17632K, capacity 18931K, committed 19020K, reserved 1048576K
}
Event: 161.373 GC heap before
{Heap before GC invocations=111 (full 0):
 garbage-first heap   total 465920K, used 406482K [0x0000000080000000, 0x0000000100000000)
  region size 1024K, 143 young (146432K), 11 survivors (11264K)
 Metaspace       used 145536K, capacity 149279K, committed 149496K, reserved 1179648K
  class space    used 17632K, capacity 18931K, committed 19020K, reserved 1048576K
}
Event: 161.388 GC heap after
{Heap after GC invocations=112 (full 0):
 garbage-first heap   total 465920K, used 273093K [0x0000000080000000, 0x0000000100000000)
  region size 1024K, 11 young (11264K), 11 survivors (11264K)
 Metaspace       used 145536K, capacity 149279K, committed 149496K, reserved 1179648K
  class space    used 17632K, capacity 18931K, committed 19020K, reserved 1048576K
}
Event: 162.490 GC heap before
{Heap before GC invocations=112 (full 0):
 garbage-first heap   total 465920K, used 377541K [0x0000000080000000, 0x0000000100000000)
  region size 1024K, 94 young (96256K), 11 survivors (11264K)
 Metaspace       used 145948K, capacity 149743K, committed 150008K, reserved 1179648K
  class space    used 17676K, capacity 18970K, committed 19020K, reserved 1048576K
}
Event: 162.501 GC heap after
{Heap after GC invocations=113 (full 0):
 garbage-first heap   total 465920K, used 289478K [0x0000000080000000, 0x0000000100000000)
  region size 1024K, 15 young (15360K), 15 survivors (15360K)
 Metaspace       used 145948K, capacity 149743K, committed 150008K, reserved 1179648K
  class space    used 17676K, capacity 18970K, committed 19020K, reserved 1048576K
}
Event: 163.625 GC heap before
{Heap before GC invocations=114 (full 0):
 garbage-first heap   total 465920K, used 398022K [0x0000000080000000, 0x0000000100000000)
  region size 1024K, 125 young (128000K), 15 survivors (15360K)
 Metaspace       used 146515K, capacity 150328K, committed 150648K, reserved 1181696K
  class space    used 17739K, capacity 19059K, committed 19148K, reserved 1048576K
}
Event: 163.668 GC heap after
{Heap after GC invocations=115 (full 0):
 garbage-first heap   total 465920K, used 315850K [0x0000000080000000, 0x0000000100000000)
  region size 1024K, 16 young (16384K), 16 survivors (16384K)
 Metaspace       used 146515K, capacity 150328K, committed 150648K, reserved 1181696K
  class space    used 17739K, capacity 19059K, committed 19148K, reserved 1048576K
}
Event: 163.718 GC heap before
{Heap before GC invocations=115 (full 0):
 garbage-first heap   total 465920K, used 321994K [0x0000000080000000, 0x0000000100000000)
  region size 1024K, 22 young (22528K), 16 survivors (16384K)
 Metaspace       used 146516K, capacity 150328K, committed 150648K, reserved 1181696K
  class space    used 17739K, capacity 19059K, committed 19148K, reserved 1048576K
}
Event: 163.747 GC heap after
{Heap after GC invocations=116 (full 0):
 garbage-first heap   total 465920K, used 274812K [0x0000000080000000, 0x0000000100000000)
  region size 1024K, 2 young (2048K), 2 survivors (2048K)
 Metaspace       used 146516K, capacity 150328K, committed 150648K, reserved 1181696K
  class space    used 17739K, capacity 19059K, committed 19148K, reserved 1048576K
}
Event: 163.958 GC heap before
{Heap before GC invocations=116 (full 0):
 garbage-first heap   total 465920K, used 295292K [0x0000000080000000, 0x0000000100000000)
  region size 1024K, 22 young (22528K), 2 survivors (2048K)
 Metaspace       used 146521K, capacity 150328K, committed 150648K, reserved 1181696K
  class space    used 17739K, capacity 19059K, committed 19148K, reserved 1048576K
}
Event: 163.969 GC heap after
{Heap after GC invocations=117 (full 0):
 garbage-first heap   total 465920K, used 260907K [0x0000000080000000, 0x0000000100000000)
  region size 1024K, 3 young (3072K), 3 survivors (3072K)
 Metaspace       used 146521K, capacity 150328K, committed 150648K, reserved 1181696K
  class space    used 17739K, capacity 19059K, committed 19148K, reserved 1048576K
}
Event: 164.234 GC heap before
{Heap before GC invocations=117 (full 0):
 garbage-first heap   total 465920K, used 283435K [0x0000000080000000, 0x0000000100000000)
  region size 1024K, 22 young (22528K), 3 survivors (3072K)
 Metaspace       used 146525K, capacity 150328K, committed 150648K, reserved 1181696K
  class space    used 17739K, capacity 19059K, committed 19148K, reserved 1048576K
}
Event: 164.256 GC heap after
{Heap after GC invocations=118 (full 0):
 garbage-first heap   total 465920K, used 241002K [0x0000000080000000, 0x0000000100000000)
  region size 1024K, 3 young (3072K), 3 survivors (3072K)
 Metaspace       used 146525K, capacity 150328K, committed 150648K, reserved 1181696K
  class space    used 17739K, capacity 19059K, committed 19148K, reserved 1048576K
}

