# JRE version: OpenJDK Runtime Environment (11.0.8+10) (build 11.0.8+10-b944.6842174)
# Java VM: OpenJDK 64-Bit Server VM (11.0.8+10-b944.6842174, mixed mode, tiered, compressed oops, g1 gc, windows-amd64)
Heap:
 garbage-first heap   total 275456K, used 151552K [0x0000000080000000, 0x0000000100000000)
  region size 1024K, 10 young (10240K), 6 survivors (6144K)
 Metaspace       used 84098K, capacity 86415K, committed 86476K, reserved 1124352K
  class space    used 11130K, capacity 11977K, committed 12032K, reserved 1048576K
GC Heap History (20 events):
Event: 4.255 GC heap before
{Heap before GC invocations=6 (full 0):
 garbage-first heap   total 229376K, used 125636K [0x0000000080000000, 0x0000000100000000)
  region size 1024K, 105 young (107520K), 6 survivors (6144K)
 Metaspace       used 44042K, capacity 45107K, committed 45312K, reserved 1089536K
  class space    used 5667K, capacity 6025K, committed 6144K, reserved 1048576K
}
Event: 4.261 GC heap after
{Heap after GC invocations=7 (full 0):
 garbage-first heap   total 229376K, used 25914K [0x0000000080000000, 0x0000000100000000)
  region size 1024K, 11 young (11264K), 11 survivors (11264K)
 Metaspace       used 44042K, capacity 45107K, committed 45312K, reserved 1089536K
  class space    used 5667K, capacity 6025K, committed 6144K, reserved 1048576K
}
Event: 5.506 GC heap before
{Heap before GC invocations=7 (full 0):
 garbage-first heap   total 229376K, used 147770K [0x0000000080000000, 0x0000000100000000)
  region size 1024K, 128 young (131072K), 11 survivors (11264K)
 Metaspace       used 56078K, capacity 57385K, committed 57600K, reserved 1099776K
  class space    used 7148K, capacity 7647K, committed 7680K, reserved 1048576K
}
Event: 5.516 GC heap after
{Heap after GC invocations=8 (full 0):
 garbage-first heap   total 229376K, used 39446K [0x0000000080000000, 0x0000000100000000)
  region size 1024K, 16 young (16384K), 16 survivors (16384K)
 Metaspace       used 56078K, capacity 57385K, committed 57600K, reserved 1099776K
  class space    used 7148K, capacity 7647K, committed 7680K, reserved 1048576K
}
Event: 5.847 GC heap before
{Heap before GC invocations=8 (full 0):
 garbage-first heap   total 229376K, used 64022K [0x0000000080000000, 0x0000000100000000)
  region size 1024K, 41 young (41984K), 16 survivors (16384K)
 Metaspace       used 58607K, capacity 60040K, committed 60160K, reserved 1101824K
  class space    used 7436K, capacity 7923K, committed 7936K, reserved 1048576K
}
Event: 5.867 GC heap after
{Heap after GC invocations=9 (full 0):
 garbage-first heap   total 229376K, used 43570K [0x0000000080000000, 0x0000000100000000)
  region size 1024K, 4 young (4096K), 4 survivors (4096K)
 Metaspace       used 58607K, capacity 60040K, committed 60160K, reserved 1101824K
  class space    used 7436K, capacity 7923K, committed 7936K, reserved 1048576K
}
Event: 6.864 GC heap before
{Heap before GC invocations=10 (full 0):
 garbage-first heap   total 229376K, used 125490K [0x0000000080000000, 0x0000000100000000)
  region size 1024K, 84 young (86016K), 4 survivors (4096K)
 Metaspace       used 65774K, capacity 67357K, committed 67532K, reserved 1107968K
  class space    used 8597K, capacity 9152K, committed 9216K, reserved 1048576K
}
Event: 6.873 GC heap after
{Heap after GC invocations=11 (full 0):
 garbage-first heap   total 229376K, used 47514K [0x0000000080000000, 0x0000000100000000)
  region size 1024K, 8 young (8192K), 8 survivors (8192K)
 Metaspace       used 65774K, capacity 67357K, committed 67532K, reserved 1107968K
  class space    used 8597K, capacity 9152K, committed 9216K, reserved 1048576K
}
Event: 8.066 GC heap before
{Heap before GC invocations=11 (full 0):
 garbage-first heap   total 229376K, used 134554K [0x0000000080000000, 0x0000000100000000)
  region size 1024K, 93 young (95232K), 8 survivors (8192K)
 Metaspace       used 74915K, capacity 76887K, committed 77132K, reserved 1116160K
  class space    used 9853K, capacity 10561K, committed 10624K, reserved 1048576K
}
Event: 8.077 GC heap after
{Heap after GC invocations=12 (full 0):
 garbage-first heap   total 229376K, used 53229K [0x0000000080000000, 0x0000000100000000)
  region size 1024K, 12 young (12288K), 12 survivors (12288K)
 Metaspace       used 74915K, capacity 76887K, committed 77132K, reserved 1116160K
  class space    used 9853K, capacity 10561K, committed 10624K, reserved 1048576K
}
Event: 8.744 GC heap before
{Heap before GC invocations=12 (full 0):
 garbage-first heap   total 229376K, used 142317K [0x0000000080000000, 0x0000000100000000)
  region size 1024K, 100 young (102400K), 12 survivors (12288K)
 Metaspace       used 75701K, capacity 77692K, committed 77900K, reserved 1116160K
  class space    used 9891K, capacity 10614K, committed 10624K, reserved 1048576K
}
Event: 8.755 GC heap after
{Heap after GC invocations=13 (full 0):
 garbage-first heap   total 229376K, used 59314K [0x0000000080000000, 0x0000000100000000)
  region size 1024K, 12 young (12288K), 12 survivors (12288K)
 Metaspace       used 75701K, capacity 77692K, committed 77900K, reserved 1116160K
  class space    used 9891K, capacity 10614K, committed 10624K, reserved 1048576K
}
Event: 9.512 GC heap before
{Heap before GC invocations=13 (full 0):
 garbage-first heap   total 229376K, used 150450K [0x0000000080000000, 0x0000000100000000)
  region size 1024K, 102 young (104448K), 12 survivors (12288K)
 Metaspace       used 76481K, capacity 78473K, committed 78796K, reserved 1118208K
  class space    used 9952K, capacity 10641K, committed 10752K, reserved 1048576K
}
Event: 9.527 GC heap after
{Heap after GC invocations=14 (full 0):
 garbage-first heap   total 229376K, used 64568K [0x0000000080000000, 0x0000000100000000)
  region size 1024K, 12 young (12288K), 12 survivors (12288K)
 Metaspace       used 76481K, capacity 78473K, committed 78796K, reserved 1118208K
  class space    used 9952K, capacity 10641K, committed 10752K, reserved 1048576K
}
Event: 10.331 GC heap before
{Heap before GC invocations=14 (full 0):
 garbage-first heap   total 229376K, used 180280K [0x0000000080000000, 0x0000000100000000)
  region size 1024K, 104 young (106496K), 12 survivors (12288K)
 Metaspace       used 81522K, capacity 83664K, committed 83916K, reserved 1122304K
  class space    used 10768K, capacity 11520K, committed 11520K, reserved 1048576K
}
Event: 10.357 GC heap after
{Heap after GC invocations=15 (full 0):
 garbage-first heap   total 229376K, used 103400K [0x0000000080000000, 0x0000000100000000)
  region size 1024K, 13 young (13312K), 13 survivors (13312K)
 Metaspace       used 81522K, capacity 83664K, committed 83916K, reserved 1122304K
  class space    used 10768K, capacity 11520K, committed 11520K, reserved 1048576K
}
Event: 10.861 GC heap before
{Heap before GC invocations=15 (full 0):
 garbage-first heap   total 229376K, used 165864K [0x0000000080000000, 0x0000000100000000)
  region size 1024K, 75 young (76800K), 13 survivors (13312K)
 Metaspace       used 83510K, capacity 85810K, committed 85964K, reserved 1124352K
  class space    used 11070K, capacity 11908K, committed 12032K, reserved 1048576K
}
Event: 10.898 GC heap after
{Heap after GC invocations=16 (full 0):
 garbage-first heap   total 229376K, used 135918K [0x0000000080000000, 0x0000000100000000)
  region size 1024K, 10 young (10240K), 10 survivors (10240K)
 Metaspace       used 83510K, capacity 85810K, committed 85964K, reserved 1124352K
  class space    used 11070K, capacity 11908K, committed 12032K, reserved 1048576K
}
Event: 11.302 GC heap before
{Heap before GC invocations=16 (full 0):
 garbage-first heap   total 229376K, used 172782K [0x0000000080000000, 0x0000000100000000)
  region size 1024K, 47 young (48128K), 10 survivors (10240K)
 Metaspace       used 84097K, capacity 86415K, committed 86476K, reserved 1124352K
  class space    used 11130K, capacity 11977K, committed 12032K, reserved 1048576K
}
Event: 11.323 GC heap after
{Heap after GC invocations=17 (full 0):
 garbage-first heap   total 275456K, used 148480K [0x0000000080000000, 0x0000000100000000)
  region size 1024K, 6 young (6144K), 6 survivors (6144K)
 Metaspace       used 84097K, capacity 86415K, committed 86476K, reserved 1124352K
  class space    used 11130K, capacity 11977K, committed 12032K, reserved 1048576K
}

