# JRE version: OpenJDK Runtime Environment (11.0.8+10) (build 11.0.8+10-b944.6842174)
# Java VM: OpenJDK 64-Bit Server VM (11.0.8+10-b944.6842174, mixed mode, tiered, compressed oops, g1 gc, windows-amd64)
Heap:
 garbage-first heap   total 229376K, used 107649K [0x0000000080000000, 0x0000000100000000)
  region size 1024K, 61 young (62464K), 12 survivors (12288K)
 Metaspace       used 76207K, capacity 78188K, committed 78540K, reserved 1118208K
  class space    used 9941K, capacity 10640K, committed 10752K, reserved 1048576K
GC Heap History (20 events):
Event: 0.629 GC heap before
{Heap before GC invocations=0 (full 0):
 garbage-first heap   total 229376K, used 29696K [0x0000000080000000, 0x0000000100000000)
  region size 1024K, 24 young (24576K), 0 survivors (0K)
 Metaspace       used 10397K, capacity 10641K, committed 11008K, reserved 1058816K
  class space    used 1096K, capacity 1163K, committed 1280K, reserved 1048576K
}
Event: 0.632 GC heap after
{Heap after GC invocations=1 (full 0):
 garbage-first heap   total 229376K, used 9004K [0x0000000080000000, 0x0000000100000000)
  region size 1024K, 3 young (3072K), 3 survivors (3072K)
 Metaspace       used 10397K, capacity 10641K, committed 11008K, reserved 1058816K
  class space    used 1096K, capacity 1163K, committed 1280K, reserved 1048576K
}
Event: 1.841 GC heap before
{Heap before GC invocations=1 (full 0):
 garbage-first heap   total 229376K, used 93996K [0x0000000080000000, 0x0000000100000000)
  region size 1024K, 88 young (90112K), 3 survivors (3072K)
 Metaspace       used 20680K, capacity 21109K, committed 21248K, reserved 1067008K
  class space    used 2544K, capacity 2710K, committed 2816K, reserved 1048576K
}
Event: 1.848 GC heap after
{Heap after GC invocations=2 (full 0):
 garbage-first heap   total 229376K, used 16369K [0x0000000080000000, 0x0000000100000000)
  region size 1024K, 11 young (11264K), 11 survivors (11264K)
 Metaspace       used 20680K, capacity 21109K, committed 21248K, reserved 1067008K
  class space    used 2544K, capacity 2710K, committed 2816K, reserved 1048576K
}
Event: 2.417 GC heap before
{Heap before GC invocations=3 (full 0):
 garbage-first heap   total 229376K, used 72689K [0x0000000080000000, 0x0000000100000000)
  region size 1024K, 66 young (67584K), 11 survivors (11264K)
 Metaspace       used 26779K, capacity 27410K, committed 27648K, reserved 1073152K
  class space    used 3525K, capacity 3752K, committed 3840K, reserved 1048576K
}
Event: 2.424 GC heap after
{Heap after GC invocations=4 (full 0):
 garbage-first heap   total 229376K, used 19033K [0x0000000080000000, 0x0000000100000000)
  region size 1024K, 3 young (3072K), 3 survivors (3072K)
 Metaspace       used 26779K, capacity 27410K, committed 27648K, reserved 1073152K
  class space    used 3525K, capacity 3752K, committed 3840K, reserved 1048576K
}
Event: 2.961 GC heap before
{Heap before GC invocations=4 (full 0):
 garbage-first heap   total 229376K, used 61017K [0x0000000080000000, 0x0000000100000000)
  region size 1024K, 45 young (46080K), 3 survivors (3072K)
 Metaspace       used 35114K, capacity 35773K, committed 35840K, reserved 1081344K
  class space    used 4569K, capacity 4856K, committed 4864K, reserved 1048576K
}
Event: 2.967 GC heap after
{Heap after GC invocations=5 (full 0):
 garbage-first heap   total 229376K, used 21802K [0x0000000080000000, 0x0000000100000000)
  region size 1024K, 6 young (6144K), 6 survivors (6144K)
 Metaspace       used 35114K, capacity 35773K, committed 35840K, reserved 1081344K
  class space    used 4569K, capacity 4856K, committed 4864K, reserved 1048576K
}
Event: 4.046 GC heap before
{Heap before GC invocations=6 (full 0):
 garbage-first heap   total 229376K, used 132394K [0x0000000080000000, 0x0000000100000000)
  region size 1024K, 111 young (113664K), 6 survivors (6144K)
 Metaspace       used 44065K, capacity 45106K, committed 45312K, reserved 1089536K
  class space    used 5667K, capacity 6025K, committed 6144K, reserved 1048576K
}
Event: 4.053 GC heap after
{Heap after GC invocations=7 (full 0):
 garbage-first heap   total 229376K, used 26952K [0x0000000080000000, 0x0000000100000000)
  region size 1024K, 11 young (11264K), 11 survivors (11264K)
 Metaspace       used 44065K, capacity 45106K, committed 45312K, reserved 1089536K
  class space    used 5667K, capacity 6025K, committed 6144K, reserved 1048576K
}
Event: 5.427 GC heap before
{Heap before GC invocations=7 (full 0):
 garbage-first heap   total 229376K, used 154952K [0x0000000080000000, 0x0000000100000000)
  region size 1024K, 134 young (137216K), 11 survivors (11264K)
 Metaspace       used 57173K, capacity 58566K, committed 58752K, reserved 1099776K
  class space    used 7287K, capacity 7779K, committed 7808K, reserved 1048576K
}
Event: 5.440 GC heap after
{Heap after GC invocations=8 (full 0):
 garbage-first heap   total 229376K, used 40903K [0x0000000080000000, 0x0000000100000000)
  region size 1024K, 17 young (17408K), 17 survivors (17408K)
 Metaspace       used 57173K, capacity 58566K, committed 58752K, reserved 1099776K
  class space    used 7287K, capacity 7779K, committed 7808K, reserved 1048576K
}
Event: 5.603 GC heap before
{Heap before GC invocations=8 (full 0):
 garbage-first heap   total 229376K, used 55239K [0x0000000080000000, 0x0000000100000000)
  region size 1024K, 32 young (32768K), 17 survivors (17408K)
 Metaspace       used 58623K, capacity 60039K, committed 60160K, reserved 1101824K
  class space    used 7433K, capacity 7923K, committed 7936K, reserved 1048576K
}
Event: 5.620 GC heap after
{Heap after GC invocations=9 (full 0):
 garbage-first heap   total 229376K, used 44515K [0x0000000080000000, 0x0000000100000000)
  region size 1024K, 4 young (4096K), 4 survivors (4096K)
 Metaspace       used 58623K, capacity 60039K, committed 60160K, reserved 1101824K
  class space    used 7433K, capacity 7923K, committed 7936K, reserved 1048576K
}
Event: 6.553 GC heap before
{Heap before GC invocations=10 (full 0):
 garbage-first heap   total 229376K, used 122339K [0x0000000080000000, 0x0000000100000000)
  region size 1024K, 80 young (81920K), 4 survivors (4096K)
 Metaspace       used 65482K, capacity 67009K, committed 67148K, reserved 1107968K
  class space    used 8548K, capacity 9081K, committed 9088K, reserved 1048576K
}
Event: 6.559 GC heap after
{Heap after GC invocations=11 (full 0):
 garbage-first heap   total 229376K, used 47815K [0x0000000080000000, 0x0000000100000000)
  region size 1024K, 7 young (7168K), 7 survivors (7168K)
 Metaspace       used 65482K, capacity 67009K, committed 67148K, reserved 1107968K
  class space    used 8548K, capacity 9081K, committed 9088K, reserved 1048576K
}
Event: 7.658 GC heap before
{Heap before GC invocations=11 (full 0):
 garbage-first heap   total 229376K, used 131783K [0x0000000080000000, 0x0000000100000000)
  region size 1024K, 90 young (92160K), 7 survivors (7168K)
 Metaspace       used 74690K, capacity 76606K, committed 76876K, reserved 1116160K
  class space    used 9822K, capacity 10518K, committed 10624K, reserved 1048576K
}
Event: 7.666 GC heap after
{Heap after GC invocations=12 (full 0):
 garbage-first heap   total 229376K, used 53225K [0x0000000080000000, 0x0000000100000000)
  region size 1024K, 11 young (11264K), 11 survivors (11264K)
 Metaspace       used 74690K, capacity 76606K, committed 76876K, reserved 1116160K
  class space    used 9822K, capacity 10518K, committed 10624K, reserved 1048576K
}
Event: 8.300 GC heap before
{Heap before GC invocations=12 (full 0):
 garbage-first heap   total 229376K, used 141289K [0x0000000080000000, 0x0000000100000000)
  region size 1024K, 98 young (100352K), 11 survivors (11264K)
 Metaspace       used 75643K, capacity 77621K, committed 77644K, reserved 1116160K
  class space    used 9892K, capacity 10617K, committed 10624K, reserved 1048576K
}
Event: 8.311 GC heap after
{Heap after GC invocations=13 (full 0):
 garbage-first heap   total 229376K, used 59521K [0x0000000080000000, 0x0000000100000000)
  region size 1024K, 12 young (12288K), 12 survivors (12288K)
 Metaspace       used 75643K, capacity 77621K, committed 77644K, reserved 1116160K
  class space    used 9892K, capacity 10617K, committed 10624K, reserved 1048576K
}

